
Showing logs for build [32mcb-kubecd-environment-pr-179-2-4xngj-1[0m stage [32mfrom-build-pack[0m and container [32mstep-credential-initializer-lf567[0m
{"level":"warn","ts":1583894182.34697,"logger":"fallback-logger","caller":"logging/config.go:69","msg":"Fetch GitHub commit ID from kodata failed: \"ref: refs/heads/0.8.0-**-support-backwards-incompats\" is not a valid GitHub commit ID"}
{"level":"info","ts":1583894182.3478148,"logger":"fallback-logger","caller":"creds-init/main.go:40","msg":"Credentials initialized."}

Showing logs for build [32mcb-kubecd-environment-pr-179-2-4xngj-1[0m stage [32mfrom-build-pack[0m and container [32mstep-working-dir-initializer-84ksx[0m
{"level":"warn","ts":1583894183.7908483,"logger":"fallback-logger","caller":"logging/config.go:69","msg":"Fetch GitHub commit ID from kodata failed: open /var/run/ko/HEAD: no such file or directory"}
{"level":"info","ts":1583894183.794043,"logger":"fallback-logger","caller":"bash/main.go:64","msg":"Successfully executed command \"sh -c mkdir -p /workspace/source\"; output "}

Showing logs for build [32mcb-kubecd-environment-pr-179-2-4xngj-1[0m stage [32mfrom-build-pack[0m and container [32mstep-place-tools[0m

Showing logs for build [32mcb-kubecd-environment-pr-179-2-4xngj-1[0m stage [32mfrom-build-pack[0m and container [32mstep-git-source-cb-kubecd-environment-pr-179-2-4xngj-nhb6t[0m
{"level":"warn","ts":1583894186.8419774,"logger":"fallback-logger","caller":"logging/config.go:69","msg":"Fetch GitHub commit ID from kodata failed: \"ref: refs/heads/0.8.0-**-support-backwards-incompats\" is not a valid GitHub commit ID"}
{"level":"info","ts":1583894187.8392053,"logger":"fallback-logger","caller":"git/git.go:103","msg":"Successfully cloned https://github.com/cb-kubecd/environment-pr-179-2-boot-vault-gke-staging.git @ master in path /workspace/source"}

Showing logs for build [32mcb-kubecd-environment-pr-179-2-4xngj-1[0m stage [32mfrom-build-pack[0m and container [32mstep-git-merge[0m
Using SHAs from PULL_REFS=master:69feba828957585c58e579e25e992e2890b3cc50,1:cdfbfb3dc8f1b5c6915c3a1e1a5b7be7cf02bf41
DEBUG: LC_ALL=C JX_LOG_LEVEL=error git fetch origin --unshallow cdfbfb3dc8f1b5c6915c3a1e1a5b7be7cf02bf41: 69feba828957585c58e579e25e992e2890b3cc50:
DEBUG: ran git fetch --unshallow origin cdfbfb3dc8f1b5c6915c3a1e1a5b7be7cf02bf41: 69feba828957585c58e579e25e992e2890b3cc50: in 
DEBUG: LC_ALL=C JX_LOG_LEVEL=error git branch
DEBUG: LC_ALL=C JX_LOG_LEVEL=error git checkout master
DEBUG: ran git checkout master in 
DEBUG: LC_ALL=C JX_LOG_LEVEL=error git reset --hard 69feba828957585c58e579e25e992e2890b3cc50
DEBUG: ran git reset --hard 69feba828957585c58e579e25e992e2890b3cc50 in 
DEBUG: LC_ALL=C JX_LOG_LEVEL=error git clean -fd .
DEBUG: ran clean --force -d . in 
DEBUG: LC_ALL=C JX_LOG_LEVEL=error git merge cdfbfb3dc8f1b5c6915c3a1e1a5b7be7cf02bf41
DEBUG: ran git merge cdfbfb3dc8f1b5c6915c3a1e1a5b7be7cf02bf41 in 
DEBUG: LC_ALL=C JX_LOG_LEVEL=error git log --format=%H%x1f%an%x1f%ae%x1f%cn%x1f%ce%x1f%s%n%b%x1e 69feba828957585c58e579e25e992e2890b3cc50..HEAD
Merged SHA cdfbfb3dc8f1b5c6915c3a1e1a5b7be7cf02bf41 with commit message 'chore: Promote bdd-spring-1583893894 to version 0.0.1' into base branch master

Showing logs for build [32mcb-kubecd-environment-pr-179-2-4xngj-1[0m stage [32mfrom-build-pack[0m and container [32mstep-build-helm-build[0m
WARNING: No $CHART_REPOSITORY defined so using the default value of: http://jenkins-x-chartmuseum:8080
Adding missing Helm repo: storage.googleapis.com https://storage.googleapis.com/chartmuseum.jenkins-x.io
WARNING: No secrets found on "helm/repos" due: reading the secret "helm/repos" from vault: no secret "helm/repos" not found in vault
Read credentials for https://storage.googleapis.com/chartmuseum.jenkins-x.io from vault helm/repos
Successfully added Helm repository storage.googleapis.com.
Adding missing Helm repo: jenkins-x-chartmuseum http://jenkins-x-chartmuseum:8080
WARNING: No secrets found on "helm/repos" due: reading the secret "helm/repos" from vault: no secret "helm/repos" not found in vault
Read credentials for http://jenkins-x-chartmuseum:8080 from vault helm/repos
Successfully added Helm repository jenkins-x-chartmuseum.
WARNING: No $CHART_REPOSITORY defined so using the default value of: http://jenkins-x-chartmuseum:8080
Adding missing Helm repo: chartmuseum.jenkins-x.io http://chartmuseum.jenkins-x.io
WARNING: No secrets found on "helm/repos" due: reading the secret "helm/repos" from vault: no secret "helm/repos" not found in vault
Read credentials for http://chartmuseum.jenkins-x.io from vault helm/repos
Successfully added Helm repository chartmuseum.jenkins-x.io.
